mode: set
github.com/viant/toolbox/tokenizer.go:49.53,50.39 1 1
github.com/viant/toolbox/tokenizer.go:57.2,57.35 1 0
github.com/viant/toolbox/tokenizer.go:50.39,52.37 2 1
github.com/viant/toolbox/tokenizer.go:52.37,55.4 1 1
github.com/viant/toolbox/tokenizer.go:61.48,63.30 2 1
github.com/viant/toolbox/tokenizer.go:66.2,66.46 1 1
github.com/viant/toolbox/tokenizer.go:76.2,76.35 1 1
github.com/viant/toolbox/tokenizer.go:63.30,65.3 1 0
github.com/viant/toolbox/tokenizer.go:66.46,68.22 2 1
github.com/viant/toolbox/tokenizer.go:68.22,71.4 2 1
github.com/viant/toolbox/tokenizer.go:73.3,74.67 1 0
github.com/viant/toolbox/tokenizer.go:80.107,88.2 1 1
github.com/viant/toolbox/tokenizer.go:96.74,99.41 2 1
github.com/viant/toolbox/tokenizer.go:109.2,109.15 1 1
github.com/viant/toolbox/tokenizer.go:99.41,101.37 2 1
github.com/viant/toolbox/tokenizer.go:107.3,107.8 1 1
github.com/viant/toolbox/tokenizer.go:101.37,102.31 1 1
github.com/viant/toolbox/tokenizer.go:102.31,104.19 2 1
github.com/viant/toolbox/tokenizer.go:112.34,114.2 1 1
github.com/viant/toolbox/tokenizer.go:116.33,118.2 1 1
github.com/viant/toolbox/tokenizer.go:125.67,126.28 1 1
github.com/viant/toolbox/tokenizer.go:129.2,129.10 1 1
github.com/viant/toolbox/tokenizer.go:126.28,128.3 1 1
github.com/viant/toolbox/tokenizer.go:136.71,137.41 1 1
github.com/viant/toolbox/tokenizer.go:140.2,141.35 2 1
github.com/viant/toolbox/tokenizer.go:147.2,147.10 1 1
github.com/viant/toolbox/tokenizer.go:137.41,139.3 1 1
github.com/viant/toolbox/tokenizer.go:141.35,143.61 2 1
github.com/viant/toolbox/tokenizer.go:143.61,144.9 1 1
github.com/viant/toolbox/tokenizer.go:157.71,158.45 1 1
github.com/viant/toolbox/tokenizer.go:162.2,162.21 1 1
github.com/viant/toolbox/tokenizer.go:171.2,171.10 1 1
github.com/viant/toolbox/tokenizer.go:158.45,160.3 1 1
github.com/viant/toolbox/tokenizer.go:162.21,163.55 1 1
github.com/viant/toolbox/tokenizer.go:163.55,165.4 1 1
github.com/viant/toolbox/tokenizer.go:166.3,167.89 1 0
github.com/viant/toolbox/tokenizer.go:167.89,169.4 1 0
github.com/viant/toolbox/tokenizer.go:181.72,182.37 1 0
github.com/viant/toolbox/tokenizer.go:196.2,196.10 1 0
github.com/viant/toolbox/tokenizer.go:182.37,183.39 1 0
github.com/viant/toolbox/tokenizer.go:186.3,186.22 1 0
github.com/viant/toolbox/tokenizer.go:183.39,184.12 1 0
github.com/viant/toolbox/tokenizer.go:186.22,187.52 1 0
github.com/viant/toolbox/tokenizer.go:187.52,189.5 1 0
github.com/viant/toolbox/tokenizer.go:190.4,191.86 1 0
github.com/viant/toolbox/tokenizer.go:191.86,193.5 1 0
github.com/viant/toolbox/context.go:52.75,56.9 4 1
github.com/viant/toolbox/context.go:59.2,59.20 1 1
github.com/viant/toolbox/context.go:56.9,58.3 1 1
github.com/viant/toolbox/context.go:62.61,64.39 2 1
github.com/viant/toolbox/context.go:69.2,69.29 1 1
github.com/viant/toolbox/context.go:64.39,66.3 1 1
github.com/viant/toolbox/context.go:66.3,66.48 1 1
github.com/viant/toolbox/context.go:66.48,68.3 1 0
github.com/viant/toolbox/context.go:72.71,73.29 1 1
github.com/viant/toolbox/context.go:77.2,77.34 1 1
github.com/viant/toolbox/context.go:73.29,75.39 2 0
github.com/viant/toolbox/context.go:80.71,82.38 2 1
github.com/viant/toolbox/context.go:85.2,85.12 1 0
github.com/viant/toolbox/context.go:82.38,84.3 1 1
github.com/viant/toolbox/context.go:88.70,89.28 1 1
github.com/viant/toolbox/context.go:93.2,93.30 1 1
github.com/viant/toolbox/context.go:89.28,91.53 2 0
github.com/viant/toolbox/context.go:96.74,100.43 4 1
github.com/viant/toolbox/context.go:104.2,104.54 1 1
github.com/viant/toolbox/context.go:108.2,108.45 1 1
github.com/viant/toolbox/context.go:120.2,120.24 1 1
github.com/viant/toolbox/context.go:100.43,103.3 2 1
github.com/viant/toolbox/context.go:104.54,105.102 1 0
github.com/viant/toolbox/context.go:108.45,109.45 1 1
github.com/viant/toolbox/context.go:112.3,115.39 4 1
github.com/viant/toolbox/context.go:109.45,110.112 1 0
github.com/viant/toolbox/context.go:117.3,119.3 1 0
github.com/viant/toolbox/context.go:123.66,128.2 4 0
github.com/viant/toolbox/context.go:130.61,132.33 2 1
github.com/viant/toolbox/context.go:135.2,135.14 1 1
github.com/viant/toolbox/context.go:132.33,134.3 1 1
github.com/viant/toolbox/context.go:139.27,142.2 2 1
github.com/viant/toolbox/converter.go:33.41,34.36 1 1
github.com/viant/toolbox/converter.go:41.2,42.40 2 1
github.com/viant/toolbox/converter.go:45.2,45.29 1 1
github.com/viant/toolbox/converter.go:57.2,57.33 1 0
github.com/viant/toolbox/converter.go:35.2,36.20 1 1
github.com/viant/toolbox/converter.go:37.2,38.28 1 0
github.com/viant/toolbox/converter.go:42.40,44.3 1 1
github.com/viant/toolbox/converter.go:46.2,47.49 1 1
github.com/viant/toolbox/converter.go:48.2,49.51 1 1
github.com/viant/toolbox/converter.go:50.2,51.53 1 0
github.com/viant/toolbox/converter.go:52.2,53.64 1 1
github.com/viant/toolbox/converter.go:54.2,55.64 1 1
github.com/viant/toolbox/converter.go:61.48,62.34 1 1
github.com/viant/toolbox/converter.go:65.2,66.19 2 1
github.com/viant/toolbox/converter.go:62.34,64.3 1 1
github.com/viant/toolbox/converter.go:70.41,71.43 1 1
github.com/viant/toolbox/converter.go:74.2,75.70 2 1
github.com/viant/toolbox/converter.go:78.2,78.10 1 0
github.com/viant/toolbox/converter.go:71.43,73.3 1 1
github.com/viant/toolbox/converter.go:75.70,77.3 1 1
github.com/viant/toolbox/converter.go:82.40,83.39 1 1
github.com/viant/toolbox/converter.go:86.2,87.65 2 1
github.com/viant/toolbox/converter.go:90.2,90.14 1 0
github.com/viant/toolbox/converter.go:83.39,85.3 1 1
github.com/viant/toolbox/converter.go:87.65,89.3 1 1
github.com/viant/toolbox/converter.go:94.46,95.30 1 1
github.com/viant/toolbox/converter.go:98.2,99.67 2 1
github.com/viant/toolbox/converter.go:102.2,102.14 1 1
github.com/viant/toolbox/converter.go:95.30,97.3 1 1
github.com/viant/toolbox/converter.go:99.67,101.3 1 1
github.com/viant/toolbox/converter.go:106.35,107.37 1 1
github.com/viant/toolbox/converter.go:110.2,111.72 2 1
github.com/viant/toolbox/converter.go:114.2,114.10 1 0
github.com/viant/toolbox/converter.go:107.37,109.3 1 1
github.com/viant/toolbox/converter.go:111.72,113.3 1 1
github.com/viant/toolbox/converter.go:118.62,119.44 1 0
github.com/viant/toolbox/converter.go:122.2,122.30 1 0
github.com/viant/toolbox/converter.go:127.2,128.16 2 0
github.com/viant/toolbox/converter.go:131.2,131.19 1 0
github.com/viant/toolbox/converter.go:119.44,121.3 1 0
github.com/viant/toolbox/converter.go:122.30,126.3 3 0
github.com/viant/toolbox/converter.go:128.16,130.3 1 0
github.com/viant/toolbox/converter.go:135.69,136.21 1 0
github.com/viant/toolbox/converter.go:139.2,139.34 1 0
github.com/viant/toolbox/converter.go:144.2,144.66 1 0
github.com/viant/toolbox/converter.go:151.2,151.30 1 0
github.com/viant/toolbox/converter.go:136.21,138.3 1 0
github.com/viant/toolbox/converter.go:139.34,140.67 1 0
github.com/viant/toolbox/converter.go:140.67,142.4 1 0
github.com/viant/toolbox/converter.go:144.66,146.3 1 0
github.com/viant/toolbox/converter.go:146.3,146.45 1 0
github.com/viant/toolbox/converter.go:146.45,148.3 1 0
github.com/viant/toolbox/converter.go:148.3,148.46 1 0
github.com/viant/toolbox/converter.go:148.46,150.3 1 0
github.com/viant/toolbox/converter.go:156.88,159.52 3 1
github.com/viant/toolbox/converter.go:185.2,185.52 1 1
github.com/viant/toolbox/converter.go:198.2,198.30 1 1
github.com/viant/toolbox/converter.go:159.52,161.24 2 1
github.com/viant/toolbox/converter.go:183.3,183.14 1 1
github.com/viant/toolbox/converter.go:162.3,163.16 1 0
github.com/viant/toolbox/converter.go:164.3,165.69 1 1
github.com/viant/toolbox/converter.go:168.4,169.15 2 1
github.com/viant/toolbox/converter.go:170.3,171.32 1 1
github.com/viant/toolbox/converter.go:174.4,175.15 2 1
github.com/viant/toolbox/converter.go:177.3,178.55 1 1
github.com/viant/toolbox/converter.go:181.4,181.34 1 1
github.com/viant/toolbox/converter.go:165.69,167.5 1 0
github.com/viant/toolbox/converter.go:171.32,173.5 1 1
github.com/viant/toolbox/converter.go:178.55,180.5 1 0
github.com/viant/toolbox/converter.go:185.52,186.24 1 1
github.com/viant/toolbox/converter.go:196.3,196.14 1 1
github.com/viant/toolbox/converter.go:187.3,188.43 1 1
github.com/viant/toolbox/converter.go:189.3,190.41 1 0
github.com/viant/toolbox/converter.go:191.3,192.45 1 0
github.com/viant/toolbox/converter.go:193.3,194.44 1 1
github.com/viant/toolbox/converter.go:202.52,203.26 1 1
github.com/viant/toolbox/converter.go:206.2,206.22 1 0
github.com/viant/toolbox/converter.go:203.26,205.3 1 1
github.com/viant/toolbox/converter.go:207.2,208.24 1 0
github.com/viant/toolbox/converter.go:209.2,210.22 1 0
github.com/viant/toolbox/converter.go:211.2,212.21 1 0
github.com/viant/toolbox/converter.go:213.2,214.22 1 0
github.com/viant/toolbox/converter.go:215.2,216.23 1 0
github.com/viant/toolbox/converter.go:217.2,219.31 2 0
github.com/viant/toolbox/converter.go:220.2,221.102 1 0
github.com/viant/toolbox/converter.go:226.36,227.18 1 1
github.com/viant/toolbox/converter.go:232.2,232.12 1 0
github.com/viant/toolbox/converter.go:227.18,231.3 3 1
github.com/viant/toolbox/converter.go:236.57,238.22 1 1
github.com/viant/toolbox/converter.go:241.2,242.33 2 1
github.com/viant/toolbox/converter.go:245.2,247.34 2 1
github.com/viant/toolbox/converter.go:238.22,240.3 1 0
github.com/viant/toolbox/converter.go:242.33,244.3 1 1
github.com/viant/toolbox/converter.go:256.148,264.54 8 1
github.com/viant/toolbox/converter.go:283.2,283.53 1 1
github.com/viant/toolbox/converter.go:288.2,288.12 1 1
github.com/viant/toolbox/converter.go:264.54,268.17 4 1
github.com/viant/toolbox/converter.go:273.3,275.17 3 1
github.com/viant/toolbox/converter.go:279.3,280.14 2 1
github.com/viant/toolbox/converter.go:268.17,271.4 2 0
github.com/viant/toolbox/converter.go:275.17,278.4 2 0
github.com/viant/toolbox/converter.go:283.53,285.3 1 0
github.com/viant/toolbox/converter.go:285.3,287.3 1 1
github.com/viant/toolbox/converter.go:292.150,298.50 6 1
github.com/viant/toolbox/converter.go:309.2,309.55 1 1
github.com/viant/toolbox/converter.go:314.2,314.12 1 1
github.com/viant/toolbox/converter.go:298.50,301.17 3 1
github.com/viant/toolbox/converter.go:305.3,306.14 2 1
github.com/viant/toolbox/converter.go:301.17,304.4 2 0
github.com/viant/toolbox/converter.go:309.55,311.3 1 0
github.com/viant/toolbox/converter.go:311.3,313.3 1 1
github.com/viant/toolbox/converter.go:318.177,322.35 4 1
github.com/viant/toolbox/converter.go:345.2,345.55 1 1
github.com/viant/toolbox/converter.go:350.2,350.12 1 1
github.com/viant/toolbox/converter.go:322.35,323.61 1 1
github.com/viant/toolbox/converter.go:323.61,327.30 3 1
github.com/viant/toolbox/converter.go:327.30,331.19 4 0
github.com/viant/toolbox/converter.go:334.5,334.34 1 0
github.com/viant/toolbox/converter.go:331.19,333.6 1 0
github.com/viant/toolbox/converter.go:336.5,338.19 2 1
github.com/viant/toolbox/converter.go:338.19,340.6 1 0
github.com/viant/toolbox/converter.go:345.55,347.3 1 0
github.com/viant/toolbox/converter.go:347.3,349.3 1 1
github.com/viant/toolbox/converter.go:354.70,355.19 1 1
github.com/viant/toolbox/converter.go:358.2,358.18 1 1
github.com/viant/toolbox/converter.go:362.2,362.45 1 1
github.com/viant/toolbox/converter.go:647.2,648.90 2 1
github.com/viant/toolbox/converter.go:652.2,653.84 2 1
github.com/viant/toolbox/converter.go:658.2,659.157 2 1
github.com/viant/toolbox/converter.go:663.2,663.102 1 1
github.com/viant/toolbox/converter.go:669.2,669.98 1 1
github.com/viant/toolbox/converter.go:679.2,679.88 1 0
github.com/viant/toolbox/converter.go:683.2,683.89 1 0
github.com/viant/toolbox/converter.go:688.2,688.76 1 0
github.com/viant/toolbox/converter.go:355.19,357.3 1 1
github.com/viant/toolbox/converter.go:358.18,360.3 1 1
github.com/viant/toolbox/converter.go:363.2,364.37 1 1
github.com/viant/toolbox/converter.go:382.2,383.37 1 1
github.com/viant/toolbox/converter.go:404.2,405.37 1 1
github.com/viant/toolbox/converter.go:433.2,434.37 1 1
github.com/viant/toolbox/converter.go:461.2,462.37 1 1
github.com/viant/toolbox/converter.go:478.2,479.37 1 0
github.com/viant/toolbox/converter.go:498.2,501.39 3 1
github.com/viant/toolbox/converter.go:504.3,506.17 3 1
github.com/viant/toolbox/converter.go:509.3,510.13 2 1
github.com/viant/toolbox/converter.go:512.2,515.39 3 1
github.com/viant/toolbox/converter.go:518.3,521.17 3 1
github.com/viant/toolbox/converter.go:524.3,525.13 2 1
github.com/viant/toolbox/converter.go:526.2,529.39 3 0
github.com/viant/toolbox/converter.go:532.3,534.17 3 0
github.com/viant/toolbox/converter.go:537.3,538.13 2 0
github.com/viant/toolbox/converter.go:539.2,542.39 3 0
github.com/viant/toolbox/converter.go:545.3,548.17 3 0
github.com/viant/toolbox/converter.go:551.3,552.13 2 0
github.com/viant/toolbox/converter.go:553.2,556.39 3 0
github.com/viant/toolbox/converter.go:559.3,561.17 3 0
github.com/viant/toolbox/converter.go:564.3,565.13 2 0
github.com/viant/toolbox/converter.go:566.2,569.39 3 1
github.com/viant/toolbox/converter.go:572.3,574.17 3 1
github.com/viant/toolbox/converter.go:577.3,578.13 2 1
github.com/viant/toolbox/converter.go:579.2,580.37 1 0
github.com/viant/toolbox/converter.go:608.2,609.37 1 1
github.com/viant/toolbox/converter.go:638.2,640.13 2 1
github.com/viant/toolbox/converter.go:641.2,643.13 2 0
github.com/viant/toolbox/converter.go:365.3,367.14 2 1
github.com/viant/toolbox/converter.go:368.3,370.14 2 1
github.com/viant/toolbox/converter.go:371.3,373.14 2 1
github.com/viant/toolbox/converter.go:374.3,376.14 2 1
github.com/viant/toolbox/converter.go:377.3,379.14 2 1
github.com/viant/toolbox/converter.go:384.3,386.14 2 1
github.com/viant/toolbox/converter.go:387.3,389.14 2 1
github.com/viant/toolbox/converter.go:390.3,393.14 3 1
github.com/viant/toolbox/converter.go:394.3,397.14 3 1
github.com/viant/toolbox/converter.go:398.3,401.14 3 1
github.com/viant/toolbox/converter.go:406.3,408.14 2 1
github.com/viant/toolbox/converter.go:409.3,411.14 2 0
github.com/viant/toolbox/converter.go:413.3,415.14 2 1
github.com/viant/toolbox/converter.go:416.3,418.18 2 1
github.com/viant/toolbox/converter.go:422.4,423.14 2 1
github.com/viant/toolbox/converter.go:424.3,426.18 2 1
github.com/viant/toolbox/converter.go:429.4,430.14 2 1
github.com/viant/toolbox/converter.go:418.18,420.5 1 0
github.com/viant/toolbox/converter.go:426.18,428.5 1 0
github.com/viant/toolbox/converter.go:435.3,437.14 2 1
github.com/viant/toolbox/converter.go:438.3,440.14 2 0
github.com/viant/toolbox/converter.go:441.3,444.14 3 1
github.com/viant/toolbox/converter.go:445.3,447.18 2 1
github.com/viant/toolbox/converter.go:451.4,452.14 2 1
github.com/viant/toolbox/converter.go:453.3,455.18 2 1
github.com/viant/toolbox/converter.go:458.4,459.14 2 1
github.com/viant/toolbox/converter.go:447.18,449.5 1 0
github.com/viant/toolbox/converter.go:455.18,457.5 1 0
github.com/viant/toolbox/converter.go:463.3,465.14 2 1
github.com/viant/toolbox/converter.go:466.3,468.14 2 1
github.com/viant/toolbox/converter.go:469.3,471.14 2 0
github.com/viant/toolbox/converter.go:472.3,475.14 3 0
github.com/viant/toolbox/converter.go:480.3,483.14 3 0
github.com/viant/toolbox/converter.go:484.3,487.14 3 0
github.com/viant/toolbox/converter.go:488.3,491.14 3 0
github.com/viant/toolbox/converter.go:492.3,495.14 3 0
github.com/viant/toolbox/converter.go:501.39,503.4 1 0
github.com/viant/toolbox/converter.go:506.17,508.4 1 0
github.com/viant/toolbox/converter.go:515.39,517.4 1 0
github.com/viant/toolbox/converter.go:521.17,523.4 1 0
github.com/viant/toolbox/converter.go:529.39,531.4 1 0
github.com/viant/toolbox/converter.go:534.17,536.4 1 0
github.com/viant/toolbox/converter.go:542.39,544.4 1 0
github.com/viant/toolbox/converter.go:548.17,550.4 1 0
github.com/viant/toolbox/converter.go:556.39,558.4 1 0
github.com/viant/toolbox/converter.go:561.17,563.4 1 0
github.com/viant/toolbox/converter.go:569.39,571.4 1 0
github.com/viant/toolbox/converter.go:574.17,576.4 1 0
github.com/viant/toolbox/converter.go:581.3,583.18 2 0
github.com/viant/toolbox/converter.go:591.4,592.14 2 0
github.com/viant/toolbox/converter.go:593.3,595.18 2 0
github.com/viant/toolbox/converter.go:598.4,599.14 2 0
github.com/viant/toolbox/converter.go:600.3,604.14 4 0
github.com/viant/toolbox/converter.go:583.18,584.38 1 0
github.com/viant/toolbox/converter.go:584.38,587.6 2 0
github.com/viant/toolbox/converter.go:587.6,589.6 1 0
github.com/viant/toolbox/converter.go:595.18,597.5 1 0
github.com/viant/toolbox/converter.go:611.3,613.18 2 1
github.com/viant/toolbox/converter.go:621.4,622.14 2 1
github.com/viant/toolbox/converter.go:623.3,625.18 2 1
github.com/viant/toolbox/converter.go:628.4,629.14 2 1
github.com/viant/toolbox/converter.go:630.3,634.14 4 1
github.com/viant/toolbox/converter.go:613.18,614.38 1 1
github.com/viant/toolbox/converter.go:614.38,617.6 2 1
github.com/viant/toolbox/converter.go:617.6,619.6 1 0
github.com/viant/toolbox/converter.go:625.18,627.5 1 0
github.com/viant/toolbox/converter.go:648.90,650.3 1 0
github.com/viant/toolbox/converter.go:653.84,656.3 2 1
github.com/viant/toolbox/converter.go:659.157,661.3 1 1
github.com/viant/toolbox/converter.go:663.102,664.41 1 1
github.com/viant/toolbox/converter.go:664.41,666.4 1 1
github.com/viant/toolbox/converter.go:669.98,670.39 1 1
github.com/viant/toolbox/converter.go:670.39,672.4 1 1
github.com/viant/toolbox/converter.go:673.3,673.57 1 1
github.com/viant/toolbox/converter.go:673.57,674.57 1 1
github.com/viant/toolbox/converter.go:674.57,676.4 1 1
github.com/viant/toolbox/converter.go:679.88,682.3 2 0
github.com/viant/toolbox/converter.go:683.89,687.3 3 0
github.com/viant/toolbox/converter.go:692.55,694.2 1 1
github.com/viant/toolbox/struct.go:29.101,32.45 3 1
github.com/viant/toolbox/struct.go:32.45,35.56 3 1
github.com/viant/toolbox/struct.go:39.3,41.30 3 1
github.com/viant/toolbox/struct.go:35.56,37.12 1 0
github.com/viant/toolbox/struct.go:46.205,49.52 3 1
github.com/viant/toolbox/struct.go:81.2,81.15 1 1
github.com/viant/toolbox/struct.go:49.52,53.18 4 1
github.com/viant/toolbox/struct.go:57.3,58.34 2 1
github.com/viant/toolbox/struct.go:61.3,61.20 1 1
github.com/viant/toolbox/struct.go:68.3,68.28 1 1
github.com/viant/toolbox/struct.go:72.3,73.28 2 1
github.com/viant/toolbox/struct.go:79.3,79.40 1 1
github.com/viant/toolbox/struct.go:53.18,54.12 1 1
github.com/viant/toolbox/struct.go:58.34,60.4 1 0
github.com/viant/toolbox/struct.go:61.20,62.28 1 1
github.com/viant/toolbox/struct.go:65.4,65.20 1 1
github.com/viant/toolbox/struct.go:62.28,63.13 1 0
github.com/viant/toolbox/struct.go:68.28,70.4 1 1
github.com/viant/toolbox/struct.go:73.28,75.25 2 1
github.com/viant/toolbox/struct.go:75.25,77.5 1 1
github.com/viant/toolbox/struct.go:85.91,87.2 1 1
github.com/viant/toolbox/time_format.go:30.51,68.2 27 1
github.com/viant/toolbox/time_format.go:72.55,73.56 1 0
github.com/viant/toolbox/time_format.go:76.2,76.56 1 0
github.com/viant/toolbox/time_format.go:79.2,79.52 1 0
github.com/viant/toolbox/time_format.go:73.56,75.3 1 0
github.com/viant/toolbox/time_format.go:76.56,78.3 1 0
github.com/viant/toolbox/time_format.go:83.53,84.52 1 1
github.com/viant/toolbox/time_format.go:87.2,87.52 1 1
github.com/viant/toolbox/time_format.go:90.2,90.14 1 1
github.com/viant/toolbox/time_format.go:84.52,86.3 1 0
github.com/viant/toolbox/time_format.go:87.52,89.3 1 0
github.com/viant/toolbox/types.go:34.36,35.22 1 1
github.com/viant/toolbox/types.go:39.2,39.14 1 1
github.com/viant/toolbox/types.go:36.2,37.14 1 1
github.com/viant/toolbox/types.go:43.38,44.22 1 1
github.com/viant/toolbox/types.go:48.2,48.14 1 1
github.com/viant/toolbox/types.go:45.2,46.14 1 1
github.com/viant/toolbox/types.go:52.37,53.22 1 1
github.com/viant/toolbox/types.go:57.2,57.14 1 1
github.com/viant/toolbox/types.go:54.2,55.14 1 1
github.com/viant/toolbox/types.go:61.39,62.22 1 1
github.com/viant/toolbox/types.go:66.2,66.14 1 1
github.com/viant/toolbox/types.go:63.2,64.14 1 1
github.com/viant/toolbox/types.go:70.49,72.2 1 1
github.com/viant/toolbox/types.go:75.37,76.22 1 1
github.com/viant/toolbox/types.go:80.2,80.14 1 1
github.com/viant/toolbox/types.go:77.2,78.14 1 1
github.com/viant/toolbox/types.go:84.37,85.42 1 1
github.com/viant/toolbox/types.go:88.2,88.14 1 1
github.com/viant/toolbox/types.go:85.42,87.3 1 1
github.com/viant/toolbox/types.go:92.40,93.49 1 1
github.com/viant/toolbox/types.go:96.2,96.52 1 1
github.com/viant/toolbox/types.go:93.49,95.3 1 0
github.com/viant/toolbox/types.go:101.75,104.2 2 1
github.com/viant/toolbox/types.go:107.68,109.2 1 1
github.com/viant/toolbox/types.go:112.76,113.29 1 1
github.com/viant/toolbox/types.go:113.29,114.139 1 1
github.com/viant/toolbox/types.go:119.82,121.9 2 1
github.com/viant/toolbox/types.go:124.2,124.30 1 1
github.com/viant/toolbox/types.go:131.2,131.129 1 0
github.com/viant/toolbox/types.go:121.9,123.3 1 1
github.com/viant/toolbox/types.go:124.30,126.3 1 1
github.com/viant/toolbox/types.go:126.3,126.40 1 1
github.com/viant/toolbox/types.go:126.40,128.3 1 1
github.com/viant/toolbox/types.go:128.3,128.46 1 1
github.com/viant/toolbox/types.go:128.46,130.3 1 1
github.com/viant/toolbox/types.go:135.63,137.9 2 0
github.com/viant/toolbox/types.go:140.2,140.26 1 0
github.com/viant/toolbox/types.go:147.2,147.14 1 0
github.com/viant/toolbox/types.go:137.9,139.3 1 0
github.com/viant/toolbox/types.go:140.26,142.3 1 0
github.com/viant/toolbox/types.go:142.3,142.40 1 0
github.com/viant/toolbox/types.go:142.40,144.3 1 0
github.com/viant/toolbox/types.go:144.3,144.46 1 0
github.com/viant/toolbox/types.go:144.46,146.3 1 0
github.com/viant/toolbox/types.go:151.80,153.9 2 1
github.com/viant/toolbox/types.go:156.2,156.30 1 1
github.com/viant/toolbox/types.go:161.2,161.92 1 0
github.com/viant/toolbox/types.go:153.9,155.3 1 1
github.com/viant/toolbox/types.go:156.30,158.3 1 1
github.com/viant/toolbox/types.go:158.3,158.73 1 1
github.com/viant/toolbox/types.go:158.73,160.3 1 1
github.com/viant/toolbox/types.go:165.60,167.9 2 1
github.com/viant/toolbox/types.go:170.2,170.33 1 1
github.com/viant/toolbox/types.go:177.2,177.14 1 0
github.com/viant/toolbox/types.go:167.9,169.3 1 1
github.com/viant/toolbox/types.go:170.33,172.3 1 1
github.com/viant/toolbox/types.go:172.3,172.42 1 1
github.com/viant/toolbox/types.go:172.42,174.3 1 1
github.com/viant/toolbox/types.go:174.3,174.40 1 0
github.com/viant/toolbox/types.go:174.40,176.3 1 0
github.com/viant/toolbox/uri.go:4.85,10.33 6 1
github.com/viant/toolbox/uri.go:60.2,60.37 1 1
github.com/viant/toolbox/uri.go:64.2,65.31 2 1
github.com/viant/toolbox/uri.go:10.33,12.40 2 1
github.com/viant/toolbox/uri.go:16.3,16.42 1 1
github.com/viant/toolbox/uri.go:20.3,20.93 1 1
github.com/viant/toolbox/uri.go:26.3,26.25 1 1
github.com/viant/toolbox/uri.go:31.3,31.43 1 1
github.com/viant/toolbox/uri.go:39.3,39.59 1 1
github.com/viant/toolbox/uri.go:44.3,44.25 1 1
github.com/viant/toolbox/uri.go:49.3,49.58 1 1
github.com/viant/toolbox/uri.go:54.3,54.40 1 1
github.com/viant/toolbox/uri.go:12.40,14.4 1 1
github.com/viant/toolbox/uri.go:16.42,18.4 1 1
github.com/viant/toolbox/uri.go:20.93,23.12 3 1
github.com/viant/toolbox/uri.go:26.25,29.4 2 1
github.com/viant/toolbox/uri.go:31.43,34.34 3 1
github.com/viant/toolbox/uri.go:34.34,36.5 1 1
github.com/viant/toolbox/uri.go:39.59,42.4 2 1
github.com/viant/toolbox/uri.go:44.25,48.4 3 1
github.com/viant/toolbox/uri.go:49.58,52.4 2 1
github.com/viant/toolbox/uri.go:54.40,58.4 3 1
github.com/viant/toolbox/uri.go:60.37,62.3 1 1
github.com/viant/toolbox/encoder.go:41.62,43.2 1 1
github.com/viant/toolbox/encoder.go:46.45,48.2 1 1
github.com/viant/toolbox/function_util.go:27.82,31.55 3 1
github.com/viant/toolbox/function_util.go:36.2,39.43 4 1
github.com/viant/toolbox/function_util.go:42.2,42.15 1 1
github.com/viant/toolbox/function_util.go:31.55,34.3 2 1
github.com/viant/toolbox/function_util.go:39.43,41.3 1 1
github.com/viant/toolbox/function_util.go:47.136,53.52 6 1
github.com/viant/toolbox/function_util.go:56.2,57.34 2 1
github.com/viant/toolbox/function_util.go:80.2,80.32 1 1
github.com/viant/toolbox/function_util.go:53.52,55.3 1 0
github.com/viant/toolbox/function_util.go:57.34,60.93 3 1
github.com/viant/toolbox/function_util.go:63.3,63.46 1 1
github.com/viant/toolbox/function_util.go:71.3,71.113 1 1
github.com/viant/toolbox/function_util.go:60.93,62.4 1 0
github.com/viant/toolbox/function_util.go:63.46,66.18 3 1
github.com/viant/toolbox/function_util.go:69.4,69.41 1 1
github.com/viant/toolbox/function_util.go:66.18,68.5 1 0
github.com/viant/toolbox/function_util.go:71.113,72.71 1 0
github.com/viant/toolbox/function_util.go:72.71,75.5 2 0
github.com/viant/toolbox/function_util.go:76.4,78.4 1 1
github.com/viant/toolbox/function_util.go:84.60,89.44 5 1
github.com/viant/toolbox/function_util.go:92.2,92.15 1 1
github.com/viant/toolbox/function_util.go:89.44,91.3 1 1
github.com/viant/toolbox/ioutil.go:34.42,36.24 2 1
github.com/viant/toolbox/ioutil.go:40.2,40.58 1 1
github.com/viant/toolbox/ioutil.go:43.2,43.21 1 1
github.com/viant/toolbox/ioutil.go:36.24,38.3 1 1
github.com/viant/toolbox/ioutil.go:40.58,42.3 1 0
github.com/viant/toolbox/ioutil.go:47.70,49.16 2 1
github.com/viant/toolbox/ioutil.go:52.2,52.20 1 1
github.com/viant/toolbox/ioutil.go:67.2,67.83 1 0
github.com/viant/toolbox/ioutil.go:49.16,51.3 1 0
github.com/viant/toolbox/ioutil.go:53.2,55.17 2 1
github.com/viant/toolbox/ioutil.go:58.3,59.38 2 1
github.com/viant/toolbox/ioutil.go:60.2,62.17 2 1
github.com/viant/toolbox/ioutil.go:65.3,65.46 1 1
github.com/viant/toolbox/ioutil.go:55.17,57.4 1 0
github.com/viant/toolbox/ioutil.go:62.17,64.4 1 0
github.com/viant/toolbox/ioutil.go:71.50,73.16 2 1
github.com/viant/toolbox/ioutil.go:76.2,76.20 1 1
github.com/viant/toolbox/ioutil.go:80.2,80.79 1 1
github.com/viant/toolbox/ioutil.go:73.16,75.3 1 0
github.com/viant/toolbox/ioutil.go:77.2,78.23 1 1
github.com/viant/toolbox/ioutil.go:84.83,86.16 2 1
github.com/viant/toolbox/ioutil.go:89.2,90.16 2 1
github.com/viant/toolbox/ioutil.go:93.2,93.18 1 1
github.com/viant/toolbox/ioutil.go:86.16,88.3 1 1
github.com/viant/toolbox/ioutil.go:90.16,92.3 1 0
github.com/viant/toolbox/macro.go:35.58,38.26 3 1
github.com/viant/toolbox/macro.go:41.2,42.41 2 1
github.com/viant/toolbox/macro.go:38.26,40.3 1 1
github.com/viant/toolbox/macro.go:45.91,47.38 1 1
github.com/viant/toolbox/macro.go:60.2,60.12 1 1
github.com/viant/toolbox/macro.go:47.38,48.25 1 1
github.com/viant/toolbox/macro.go:48.25,49.51 1 1
github.com/viant/toolbox/macro.go:49.51,50.35 1 1
github.com/viant/toolbox/macro.go:50.35,52.20 2 1
github.com/viant/toolbox/macro.go:55.6,55.32 1 1
github.com/viant/toolbox/macro.go:52.20,54.7 1 0
github.com/viant/toolbox/macro.go:63.121,65.31 2 1
github.com/viant/toolbox/macro.go:76.2,76.23 1 1
github.com/viant/toolbox/macro.go:65.31,68.34 3 1
github.com/viant/toolbox/macro.go:71.3,72.17 2 1
github.com/viant/toolbox/macro.go:68.34,70.4 1 0
github.com/viant/toolbox/macro.go:72.17,74.4 1 0
github.com/viant/toolbox/macro.go:79.109,83.26 4 1
github.com/viant/toolbox/macro.go:86.2,86.61 1 1
github.com/viant/toolbox/macro.go:118.2,118.78 1 1
github.com/viant/toolbox/macro.go:122.2,122.56 1 1
github.com/viant/toolbox/macro.go:83.26,85.3 1 0
github.com/viant/toolbox/macro.go:86.61,88.12 2 1
github.com/viant/toolbox/macro.go:92.3,92.43 1 1
github.com/viant/toolbox/macro.go:95.3,95.44 1 1
github.com/viant/toolbox/macro.go:98.3,98.58 1 1
github.com/viant/toolbox/macro.go:104.3,104.58 1 1
github.com/viant/toolbox/macro.go:108.3,109.25 2 1
github.com/viant/toolbox/macro.go:88.12,90.4 1 1
github.com/viant/toolbox/macro.go:92.43,94.4 1 1
github.com/viant/toolbox/macro.go:95.44,97.4 1 1
github.com/viant/toolbox/macro.go:98.58,99.26 1 1
github.com/viant/toolbox/macro.go:102.4,102.19 1 1
github.com/viant/toolbox/macro.go:99.26,101.5 1 1
github.com/viant/toolbox/macro.go:104.58,107.4 2 1
github.com/viant/toolbox/macro.go:109.25,110.24 1 1
github.com/viant/toolbox/macro.go:113.4,113.25 1 1
github.com/viant/toolbox/macro.go:110.24,111.10 1 1
github.com/viant/toolbox/macro.go:113.25,115.5 1 1
github.com/viant/toolbox/macro.go:118.78,120.3 1 1
github.com/viant/toolbox/macro.go:126.85,128.14 2 1
github.com/viant/toolbox/macro.go:132.2,133.48 2 1
github.com/viant/toolbox/macro.go:136.2,137.16 2 1
github.com/viant/toolbox/macro.go:141.2,143.16 3 1
github.com/viant/toolbox/macro.go:146.2,146.30 1 1
github.com/viant/toolbox/macro.go:149.2,151.24 3 1
github.com/viant/toolbox/macro.go:154.2,154.20 1 1
github.com/viant/toolbox/macro.go:128.14,130.3 1 0
github.com/viant/toolbox/macro.go:133.48,135.3 1 0
github.com/viant/toolbox/macro.go:137.16,139.3 1 0
github.com/viant/toolbox/macro.go:143.16,145.3 1 0
github.com/viant/toolbox/macro.go:146.30,148.3 1 1
github.com/viant/toolbox/macro.go:151.24,153.3 1 1
github.com/viant/toolbox/macro.go:158.92,159.31 1 0
github.com/viant/toolbox/macro.go:169.2,169.12 1 0
github.com/viant/toolbox/macro.go:159.31,161.37 2 0
github.com/viant/toolbox/macro.go:161.37,163.18 2 0
github.com/viant/toolbox/macro.go:166.4,166.44 1 0
github.com/viant/toolbox/macro.go:163.18,165.5 1 0
github.com/viant/toolbox/macro.go:173.80,174.36 1 0
github.com/viant/toolbox/macro.go:181.2,181.19 1 0
github.com/viant/toolbox/macro.go:174.36,176.17 2 0
github.com/viant/toolbox/macro.go:179.3,179.33 1 0
github.com/viant/toolbox/macro.go:176.17,178.4 1 0
github.com/viant/toolbox/service_router.go:42.79,43.35 1 1
github.com/viant/toolbox/service_router.go:48.2,48.32 1 1
github.com/viant/toolbox/service_router.go:43.35,44.67 1 0
github.com/viant/toolbox/service_router.go:44.67,46.4 1 0
github.com/viant/toolbox/service_router.go:51.79,52.35 1 1
github.com/viant/toolbox/service_router.go:57.2,57.32 1 1
github.com/viant/toolbox/service_router.go:52.35,53.67 1 0
github.com/viant/toolbox/service_router.go:53.67,55.4 1 0
github.com/viant/toolbox/service_router.go:60.142,65.43 5 1
github.com/viant/toolbox/service_router.go:79.2,79.44 1 1
github.com/viant/toolbox/service_router.go:65.43,67.17 2 1
github.com/viant/toolbox/service_router.go:67.17,69.4 1 0
github.com/viant/toolbox/service_router.go:70.3,75.17 5 0
github.com/viant/toolbox/service_router.go:75.17,77.4 1 0
github.com/viant/toolbox/service_router.go:82.129,86.37 4 1
github.com/viant/toolbox/service_router.go:102.2,102.56 1 1
github.com/viant/toolbox/service_router.go:105.2,105.63 1 1
github.com/viant/toolbox/service_router.go:109.2,109.31 1 1
github.com/viant/toolbox/service_router.go:121.2,121.20 1 1
github.com/viant/toolbox/service_router.go:86.37,87.49 1 1
github.com/viant/toolbox/service_router.go:95.3,96.21 2 1
github.com/viant/toolbox/service_router.go:87.49,88.36 1 1
github.com/viant/toolbox/service_router.go:93.4,93.12 1 1
github.com/viant/toolbox/service_router.go:88.36,90.5 1 1
github.com/viant/toolbox/service_router.go:90.5,92.5 1 0
github.com/viant/toolbox/service_router.go:96.21,98.4 1 0
github.com/viant/toolbox/service_router.go:98.4,99.9 1 1
github.com/viant/toolbox/service_router.go:102.56,104.3 1 0
github.com/viant/toolbox/service_router.go:105.63,107.3 1 0
github.com/viant/toolbox/service_router.go:109.31,110.43 1 1
github.com/viant/toolbox/service_router.go:110.43,111.45 1 1
github.com/viant/toolbox/service_router.go:111.45,113.19 2 1
github.com/viant/toolbox/service_router.go:116.5,117.10 2 1
github.com/viant/toolbox/service_router.go:113.19,115.6 1 0
github.com/viant/toolbox/service_router.go:129.71,131.45 2 1
github.com/viant/toolbox/service_router.go:139.2,139.15 1 1
github.com/viant/toolbox/service_router.go:131.45,132.45 1 1
github.com/viant/toolbox/service_router.go:132.45,134.15 2 1
github.com/viant/toolbox/service_router.go:134.15,136.5 1 1
github.com/viant/toolbox/service_router.go:142.65,143.96 1 1
github.com/viant/toolbox/service_router.go:146.2,146.20 1 0
github.com/viant/toolbox/service_router.go:143.96,145.3 1 1
github.com/viant/toolbox/service_router.go:150.157,156.16 6 1
github.com/viant/toolbox/service_router.go:159.2,159.12 1 1
github.com/viant/toolbox/service_router.go:156.16,158.3 1 0
github.com/viant/toolbox/service_router.go:163.90,165.26 2 1
github.com/viant/toolbox/service_router.go:172.2,174.44 2 1
github.com/viant/toolbox/service_router.go:200.2,200.23 1 0
github.com/viant/toolbox/service_router.go:203.2,203.12 1 0
github.com/viant/toolbox/service_router.go:165.26,167.44 2 0
github.com/viant/toolbox/service_router.go:170.3,170.136 1 0
github.com/viant/toolbox/service_router.go:167.44,169.4 1 0
github.com/viant/toolbox/service_router.go:174.44,176.17 2 1
github.com/viant/toolbox/service_router.go:181.3,182.17 2 1
github.com/viant/toolbox/service_router.go:186.3,187.22 2 1
github.com/viant/toolbox/service_router.go:197.3,197.62 1 0
github.com/viant/toolbox/service_router.go:176.17,178.12 2 0
github.com/viant/toolbox/service_router.go:182.17,184.12 2 0
github.com/viant/toolbox/service_router.go:187.22,192.18 5 1
github.com/viant/toolbox/service_router.go:195.4,195.14 1 1
github.com/viant/toolbox/service_router.go:192.18,194.5 1 0
github.com/viant/toolbox/service_router.go:200.23,202.3 1 0
github.com/viant/toolbox/service_router.go:207.72,209.2 1 1
github.com/viant/toolbox/service_router.go:212.84,214.2 1 1
github.com/viant/toolbox/service_router.go:217.162,219.20 2 1
github.com/viant/toolbox/service_router.go:226.2,227.33 2 1
github.com/viant/toolbox/service_router.go:239.2,239.16 1 1
github.com/viant/toolbox/service_router.go:242.2,243.16 2 1
github.com/viant/toolbox/service_router.go:246.2,246.12 1 1
github.com/viant/toolbox/service_router.go:219.20,222.17 3 1
github.com/viant/toolbox/service_router.go:222.17,224.4 1 0
github.com/viant/toolbox/service_router.go:228.2,229.38 1 1
github.com/viant/toolbox/service_router.go:230.2,231.64 1 1
github.com/viant/toolbox/service_router.go:232.2,235.59 3 0
github.com/viant/toolbox/service_router.go:236.2,237.54 1 0
github.com/viant/toolbox/service_router.go:239.16,241.3 1 0
github.com/viant/toolbox/service_router.go:243.16,245.3 1 0
github.com/viant/toolbox/value_provider.go:49.87,51.2 1 1
github.com/viant/toolbox/value_provider.go:53.63,56.2 2 1
github.com/viant/toolbox/value_provider.go:58.67,59.40 1 1
github.com/viant/toolbox/value_provider.go:62.2,62.55 1 0
github.com/viant/toolbox/value_provider.go:59.40,61.3 1 1
github.com/viant/toolbox/value_provider.go:65.53,67.2 1 1
github.com/viant/toolbox/value_provider.go:70.55,75.2 2 1
github.com/viant/toolbox/value_provider.go:79.95,82.11 3 1
github.com/viant/toolbox/value_provider.go:85.2,85.59 1 1
github.com/viant/toolbox/value_provider.go:82.11,84.3 1 1
github.com/viant/toolbox/value_provider.go:89.42,92.2 2 1
github.com/viant/toolbox/value_provider.go:96.98,98.24 2 1
github.com/viant/toolbox/value_provider.go:101.2,101.13 1 1
github.com/viant/toolbox/value_provider.go:121.2,121.72 1 1
github.com/viant/toolbox/value_provider.go:98.24,100.3 1 1
github.com/viant/toolbox/value_provider.go:102.2,103.26 1 1
github.com/viant/toolbox/value_provider.go:106.3,107.17 2 1
github.com/viant/toolbox/value_provider.go:110.3,110.25 1 1
github.com/viant/toolbox/value_provider.go:111.2,112.34 1 1
github.com/viant/toolbox/value_provider.go:113.2,114.36 1 1
github.com/viant/toolbox/value_provider.go:115.2,116.38 1 1
github.com/viant/toolbox/value_provider.go:117.2,118.37 1 1
github.com/viant/toolbox/value_provider.go:103.26,105.4 1 0
github.com/viant/toolbox/value_provider.go:107.17,109.4 1 0
github.com/viant/toolbox/value_provider.go:125.45,128.2 2 1
github.com/viant/toolbox/value_provider.go:132.98,134.2 1 1
github.com/viant/toolbox/value_provider.go:137.45,140.2 2 1
github.com/viant/toolbox/value_provider.go:144.95,146.2 1 1
github.com/viant/toolbox/value_provider.go:149.42,152.2 2 1
github.com/viant/toolbox/collections.go:30.55,32.2 1 0
github.com/viant/toolbox/collections.go:36.58,38.2 1 1
github.com/viant/toolbox/collections.go:41.75,43.43 1 1
github.com/viant/toolbox/collections.go:50.2,50.38 1 1
github.com/viant/toolbox/collections.go:56.2,57.40 2 1
github.com/viant/toolbox/collections.go:43.43,44.31 1 1
github.com/viant/toolbox/collections.go:47.3,47.9 1 1
github.com/viant/toolbox/collections.go:44.31,46.4 1 1
github.com/viant/toolbox/collections.go:50.38,51.31 1 1
github.com/viant/toolbox/collections.go:54.3,54.9 1 1
github.com/viant/toolbox/collections.go:51.31,53.4 1 1
github.com/viant/toolbox/collections.go:57.40,58.48 1 1
github.com/viant/toolbox/collections.go:58.48,59.9 1 0
github.com/viant/toolbox/collections.go:65.95,66.43 1 0
github.com/viant/toolbox/collections.go:72.2,72.38 1 0
github.com/viant/toolbox/collections.go:78.2,79.40 2 0
github.com/viant/toolbox/collections.go:66.43,67.31 1 0
github.com/viant/toolbox/collections.go:70.3,70.9 1 0
github.com/viant/toolbox/collections.go:67.31,69.4 1 0
github.com/viant/toolbox/collections.go:72.38,73.31 1 0
github.com/viant/toolbox/collections.go:76.3,76.9 1 0
github.com/viant/toolbox/collections.go:73.31,75.4 1 0
github.com/viant/toolbox/collections.go:79.40,80.51 1 0
github.com/viant/toolbox/collections.go:80.51,81.9 1 0
github.com/viant/toolbox/collections.go:88.63,90.50 2 1
github.com/viant/toolbox/collections.go:90.50,94.3 3 1
github.com/viant/toolbox/collections.go:99.69,102.71 1 1
github.com/viant/toolbox/collections.go:110.2,110.66 1 1
github.com/viant/toolbox/collections.go:117.2,119.56 3 1
github.com/viant/toolbox/collections.go:102.71,103.57 1 1
github.com/viant/toolbox/collections.go:107.3,107.9 1 1
github.com/viant/toolbox/collections.go:103.57,106.4 2 1
github.com/viant/toolbox/collections.go:110.66,111.57 1 1
github.com/viant/toolbox/collections.go:115.3,115.9 1 1
github.com/viant/toolbox/collections.go:111.57,114.4 2 1
github.com/viant/toolbox/collections.go:119.56,122.3 2 1
github.com/viant/toolbox/collections.go:126.79,129.56 3 1
github.com/viant/toolbox/collections.go:129.56,133.3 3 1
github.com/viant/toolbox/collections.go:137.106,139.66 1 1
github.com/viant/toolbox/collections.go:152.2,154.56 3 1
github.com/viant/toolbox/collections.go:139.66,141.11 2 1
github.com/viant/toolbox/collections.go:144.3,144.57 1 1
github.com/viant/toolbox/collections.go:150.3,150.9 1 1
github.com/viant/toolbox/collections.go:141.11,142.30 1 0
github.com/viant/toolbox/collections.go:144.57,145.34 1 1
github.com/viant/toolbox/collections.go:148.4,148.15 1 1
github.com/viant/toolbox/collections.go:145.34,147.5 1 1
github.com/viant/toolbox/collections.go:154.56,156.27 2 1
github.com/viant/toolbox/collections.go:159.3,159.14 1 1
github.com/viant/toolbox/collections.go:156.27,158.4 1 1
github.com/viant/toolbox/collections.go:164.90,165.56 1 1
github.com/viant/toolbox/collections.go:174.2,174.15 1 1
github.com/viant/toolbox/collections.go:165.56,166.36 1 1
github.com/viant/toolbox/collections.go:172.3,172.14 1 1
github.com/viant/toolbox/collections.go:166.36,167.23 1 1
github.com/viant/toolbox/collections.go:167.23,170.5 2 1
github.com/viant/toolbox/collections.go:179.81,181.56 2 1
github.com/viant/toolbox/collections.go:181.56,186.3 4 1
github.com/viant/toolbox/collections.go:190.74,193.56 3 1
github.com/viant/toolbox/collections.go:193.56,197.33 4 1
github.com/viant/toolbox/collections.go:202.3,203.14 2 1
github.com/viant/toolbox/collections.go:197.33,201.4 3 1
github.com/viant/toolbox/collections.go:209.86,212.56 3 1
github.com/viant/toolbox/collections.go:212.56,219.33 6 1
github.com/viant/toolbox/collections.go:224.3,225.14 2 1
github.com/viant/toolbox/collections.go:219.33,223.4 3 1
github.com/viant/toolbox/collections.go:231.69,234.2 2 0
github.com/viant/toolbox/collections.go:237.62,240.2 2 0
github.com/viant/toolbox/collections.go:243.83,245.41 2 1
github.com/viant/toolbox/collections.go:245.41,247.51 2 1
github.com/viant/toolbox/collections.go:247.51,248.9 1 0
github.com/viant/toolbox/collections.go:254.55,256.42 2 1
github.com/viant/toolbox/collections.go:259.2,259.58 1 1
github.com/viant/toolbox/collections.go:256.42,258.3 1 0
github.com/viant/toolbox/collections.go:259.58,262.3 2 1
github.com/viant/toolbox/collections.go:266.76,269.58 3 1
github.com/viant/toolbox/collections.go:269.58,272.3 2 1
github.com/viant/toolbox/collections.go:276.59,278.71 2 1
github.com/viant/toolbox/collections.go:282.2,282.13 1 1
github.com/viant/toolbox/collections.go:278.71,281.3 2 1
github.com/viant/toolbox/collections.go:286.107,290.34 3 1
github.com/viant/toolbox/collections.go:290.34,293.18 3 1
github.com/viant/toolbox/collections.go:296.3,297.22 2 1
github.com/viant/toolbox/collections.go:293.18,295.4 1 1
github.com/viant/toolbox/collections.go:303.44,308.2 4 0
github.com/viant/toolbox/collections.go:311.63,313.50 2 0
github.com/viant/toolbox/collections.go:320.2,320.15 1 0
github.com/viant/toolbox/collections.go:313.50,314.22 1 0
github.com/viant/toolbox/collections.go:317.3,318.14 2 0
github.com/viant/toolbox/collections.go:314.22,316.4 1 0
github.com/viant/toolbox/collections.go:324.95,326.58 2 1
github.com/viant/toolbox/collections.go:336.2,336.15 1 1
github.com/viant/toolbox/collections.go:326.58,328.21 1 1
github.com/viant/toolbox/collections.go:331.3,332.25 2 1
github.com/viant/toolbox/collections.go:328.21,329.12 1 0
github.com/viant/toolbox/collections.go:332.25,334.4 1 1
github.com/viant/toolbox/collections.go:340.102,342.58 2 1
github.com/viant/toolbox/collections.go:351.2,351.15 1 1
github.com/viant/toolbox/collections.go:342.58,343.21 1 1
github.com/viant/toolbox/collections.go:346.3,347.25 2 1
github.com/viant/toolbox/collections.go:343.21,344.12 1 0
github.com/viant/toolbox/collections.go:347.25,349.4 1 1
github.com/viant/toolbox/decoder.go:40.62,42.2 1 1
github.com/viant/toolbox/decoder.go:45.45,47.2 1 1
github.com/viant/toolbox/iterator.go:40.40,42.2 1 1
github.com/viant/toolbox/iterator.go:44.55,49.2 4 1
github.com/viant/toolbox/iterator.go:58.46,60.2 1 1
github.com/viant/toolbox/iterator.go:63.61,68.2 4 1
github.com/viant/toolbox/iterator.go:76.49,78.2 1 1
github.com/viant/toolbox/iterator.go:80.64,83.50 3 1
github.com/viant/toolbox/iterator.go:87.2,88.53 2 1
github.com/viant/toolbox/iterator.go:83.50,86.3 2 0
github.com/viant/toolbox/iterator.go:93.51,94.44 1 1
github.com/viant/toolbox/iterator.go:97.2,97.39 1 1
github.com/viant/toolbox/iterator.go:100.2,101.47 2 1
github.com/viant/toolbox/iterator.go:94.44,96.3 1 1
github.com/viant/toolbox/iterator.go:97.39,99.3 1 1
